<?xml version="1.0" encoding="utf-8"?>
<AppInstaller DisplayName="test-case-generator" IsBundle="true" Version="1.0.1.0" DisplayPublisher="Siddhartha Tiwari" SupportedArchitectures="x86|x64|arm" OutputFolder="C:\Users\compu\Desktop\test-case-generator\AppPackages\" Description="test-case-generator" MinOS="10.0.17763.0" CertificateUri="file:///C://test-case-generator_1.0.1.0_Test/test-case-generator_1.0.1.0_x86_x64_arm.cer" PackageUri="file:///C://test-case-generator_1.0.1.0_Test/test-case-generator_1.0.1.0_x86_x64_arm.msixbundle" AppInstallerFile="file:///C://test-case-generator.appinstaller" LogoPath="C:\Users\compu\Desktop\test-case-generator\Assets\StoreLogo.png" TileColor="transparent" />