<?xml version="1.0" encoding="utf-8"?>
<Roots >
  <Roots.RootTypes>
    <RootType FullName="Windows.UI.Xaml.Application">
      <RootProperty Name="RequestedTheme" />
    </RootType>
    <RootType FullName="Windows.UI.Xaml.Controls.Page">
      <RootProperty Name="Background" />
      <RootProperty Name="Content" />
    </RootType>
    <RootType FullName="Microsoft.Xaml.DirectUI.ProxyTypes.ThemeResourceExtension" />
    <RootType FullName="Windows.UI.Xaml.Controls.Grid">
      <RootProperty Name="Children" />
    </RootType>
    <RootType FullName="Windows.UI.Xaml.Controls.Canvas">
      <RootProperty Name="VerticalAlignment" />
      <RootProperty Name="Background" />
      <RootProperty Name="Children" />
      <RootMethod Name="GetLeft" />
      <RootMethod Name="SetLeft" />
      <RootMethod Name="GetTop" />
      <RootMethod Name="SetTop" />
    </RootType>
    <RootType FullName="Windows.UI.Xaml.Controls.Button">
      <RootProperty Name="Width" />
      <RootProperty Name="Height" />
      <RootProperty Name="Content" />
      <RootProperty Name="FontSize" />
      <RootProperty Name="FontFamily" />
      <RootProperty Name="FontStyle" />
      <RootProperty Name="FontWeight" />
      <RootProperty Name="FocusVisualPrimaryBrush" />
      <RootProperty Name="FocusVisualSecondaryBrush" />
      <RootProperty Name="Foreground" />
      <RootProperty Name="BorderBrush" />
      <RootProperty Name="Background" />
      <RootEvent Name="Click" />
    </RootType>
    <RootType FullName="Windows.UI.Xaml.Controls.TextBlock">
      <RootProperty Name="Text" />
      <RootProperty Name="TextWrapping" />
      <RootProperty Name="Height" />
      <RootProperty Name="Width" />
      <RootProperty Name="FocusVisualPrimaryBrush" />
      <RootProperty Name="Foreground" />
      <RootProperty Name="SelectionHighlightColor" />
      <RootProperty Name="FontSize" />
      <RootProperty Name="IsTextSelectionEnabled" />
    </RootType>
    <RootType FullName="Windows.UI.Xaml.Controls.TextBox">
      <RootProperty Name="AcceptsReturn" />
      <RootProperty Name="Text" />
      <RootProperty Name="TextWrapping" />
      <RootProperty Name="SelectionHighlightColor" />
      <RootProperty Name="Background" />
      <RootProperty Name="Foreground" />
      <RootProperty Name="Height" />
      <RootProperty Name="Width" />
      <RootProperty Name="FontSize" />
      <RootProperty Name="FocusVisualPrimaryBrush" />
      <RootProperty Name="FocusVisualSecondaryBrush" />
      <RootProperty Name="BorderBrush" />
      <RootEvent Name="KeyDown" />
    </RootType>
    <RootType FullName="Windows.UI.Xaml.Controls.ScrollViewer">
      <RootMethod Name="GetHorizontalScrollBarVisibility" />
      <RootMethod Name="SetHorizontalScrollBarVisibility" />
      <RootMethod Name="GetCanContentRenderOutsideBounds" />
      <RootMethod Name="SetCanContentRenderOutsideBounds" />
      <RootMethod Name="GetZoomMode" />
      <RootMethod Name="SetZoomMode" />
      <RootMethod Name="GetVerticalScrollBarVisibility" />
      <RootMethod Name="SetVerticalScrollBarVisibility" />
      <RootMethod Name="GetIsScrollInertiaEnabled" />
      <RootMethod Name="SetIsScrollInertiaEnabled" />
    </RootType>
    <RootType FullName="test_case_generator.MainPage" />
    <RootType FullName="test_case_generator.newPage" />
  </Roots.RootTypes>
</Roots>
